{"message":"Preferences loaded from /home/minhgiang/.config/pomotroid/user-preferences.json","level":"info","hostname":"minhgiang","timestamp":"2022-10-25T15:06:03.190Z"}
{"message":"app ready","level":"info","hostname":"minhgiang","timestamp":"2022-10-25T15:06:03.281Z"}
{"message":"Registering shortcut for call-timer-toggle: Control+F1","level":"info","hostname":"minhgiang","timestamp":"2022-10-25T15:06:03.334Z"}
{"message":"Registering shortcut for call-timer-reset: Control+F2","level":"info","hostname":"minhgiang","timestamp":"2022-10-25T15:06:03.335Z"}
{"message":"Registering shortcut for call-timer-skip: Control+F3","level":"info","hostname":"minhgiang","timestamp":"2022-10-25T15:06:03.337Z"}
{"message":"creating directory: /home/minhgiang/.config/pomotroid/themes","level":"info","hostname":"minhgiang","timestamp":"2022-10-25T15:06:03.765Z"}
{"message":"Preferences loaded from /home/minhgiang/.config/pomotroid/user-preferences.json","level":"info","hostname":"minhgiang","timestamp":"2022-10-25T15:06:03.803Z"}
{"message":"focus round round started","level":"info","hostname":"minhgiang","timestamp":"2022-10-25T15:06:06.966Z"}
{"message":"focus round round paused","level":"info","hostname":"minhgiang","timestamp":"2022-10-25T15:06:10.385Z"}
{"message":"quitting app...","level":"info","hostname":"minhgiang","timestamp":"2022-10-25T15:06:34.174Z"}
{"message":"Preferences loaded from /home/minhgiang/.config/pomotroid/user-preferences.json","level":"info","hostname":"minhgiang","timestamp":"2022-10-25T15:06:37.765Z"}
{"message":"app ready","level":"info","hostname":"minhgiang","timestamp":"2022-10-25T15:06:37.834Z"}
{"message":"Registering shortcut for call-timer-toggle: Control+F1","level":"info","hostname":"minhgiang","timestamp":"2022-10-25T15:06:37.899Z"}
{"message":"Registering shortcut for call-timer-reset: Control+F2","level":"info","hostname":"minhgiang","timestamp":"2022-10-25T15:06:37.900Z"}
{"message":"Registering shortcut for call-timer-skip: Control+F3","level":"info","hostname":"minhgiang","timestamp":"2022-10-25T15:06:37.904Z"}
{"message":"Preferences loaded from /home/minhgiang/.config/pomotroid/user-preferences.json","level":"info","hostname":"minhgiang","timestamp":"2022-10-25T15:06:38.266Z"}
{"message":"Preferences loaded from /home/minhgiang/.config/pomotroid/user-preferences.json","level":"info","hostname":"minhgiang","timestamp":"2022-10-25T15:09:06.842Z"}
{"message":"app ready","level":"info","hostname":"minhgiang","timestamp":"2022-10-25T15:09:06.903Z"}
{"message":"Registering shortcut for call-timer-toggle: Control+F1","level":"info","hostname":"minhgiang","timestamp":"2022-10-25T15:09:06.975Z"}
{"message":"Registering shortcut for call-timer-reset: Control+F2","level":"info","hostname":"minhgiang","timestamp":"2022-10-25T15:09:06.984Z"}
{"message":"Registering shortcut for call-timer-skip: Control+F3","level":"info","hostname":"minhgiang","timestamp":"2022-10-25T15:09:06.985Z"}
{"message":"Preferences loaded from /home/minhgiang/.config/pomotroid/user-preferences.json","level":"info","hostname":"minhgiang","timestamp":"2022-10-25T15:09:07.352Z"}
{"message":"Preferences loaded from /home/minhgiang/.config/pomotroid/user-preferences.json","level":"info","hostname":"minhgiang","timestamp":"2022-10-25T15:09:11.292Z"}
{"message":"app ready","level":"info","hostname":"minhgiang","timestamp":"2022-10-25T15:09:11.354Z"}
{"message":"Registering shortcut for call-timer-toggle: Control+F1","level":"info","hostname":"minhgiang","timestamp":"2022-10-25T15:09:11.433Z"}
{"message":"Registering shortcut for call-timer-reset: Control+F2","level":"info","hostname":"minhgiang","timestamp":"2022-10-25T15:09:11.441Z"}
{"message":"Registering shortcut for call-timer-skip: Control+F3","level":"info","hostname":"minhgiang","timestamp":"2022-10-25T15:09:11.441Z"}
{"message":"Preferences loaded from /home/minhgiang/.config/pomotroid/user-preferences.json","level":"info","hostname":"minhgiang","timestamp":"2022-10-25T15:09:11.809Z"}
{"message":"focus round round started","level":"info","hostname":"minhgiang","timestamp":"2022-10-25T15:09:15.638Z"}
{"message":"focus round round paused","level":"info","hostname":"minhgiang","timestamp":"2022-10-25T15:09:18.114Z"}
{"message":"quitting app...","level":"info","hostname":"minhgiang","timestamp":"2022-10-25T15:09:19.388Z"}
{"message":"Preferences loaded from /home/minhgiang/.config/pomotroid/user-preferences.json","level":"info","hostname":"minhgiang","timestamp":"2022-10-25T15:09:23.060Z"}
{"message":"app ready","level":"info","hostname":"minhgiang","timestamp":"2022-10-25T15:09:23.125Z"}
{"message":"Registering shortcut for call-timer-toggle: Control+F1","level":"info","hostname":"minhgiang","timestamp":"2022-10-25T15:09:23.196Z"}
{"message":"Registering shortcut for call-timer-reset: Control+F2","level":"info","hostname":"minhgiang","timestamp":"2022-10-25T15:09:23.197Z"}
{"message":"Registering shortcut for call-timer-skip: Control+F3","level":"info","hostname":"minhgiang","timestamp":"2022-10-25T15:09:23.197Z"}
{"message":"Preferences loaded from /home/minhgiang/.config/pomotroid/user-preferences.json","level":"info","hostname":"minhgiang","timestamp":"2022-10-25T15:09:23.567Z"}
{"message":"Preferences loaded from /home/minhgiang/.config/pomotroid/user-preferences.json","level":"info","hostname":"minhgiang","timestamp":"2022-10-25T15:15:41.848Z"}
{"message":"app ready","level":"info","hostname":"minhgiang","timestamp":"2022-10-25T15:15:41.913Z"}
{"message":"Registering shortcut for call-timer-toggle: Control+F1","level":"info","hostname":"minhgiang","timestamp":"2022-10-25T15:15:41.987Z"}
{"message":"Registering shortcut for call-timer-reset: Control+F2","level":"info","hostname":"minhgiang","timestamp":"2022-10-25T15:15:41.987Z"}
{"message":"Registering shortcut for call-timer-skip: Control+F3","level":"info","hostname":"minhgiang","timestamp":"2022-10-25T15:15:41.994Z"}
{"message":"Preferences loaded from /home/minhgiang/.config/pomotroid/user-preferences.json","level":"info","hostname":"minhgiang","timestamp":"2022-10-25T15:15:42.337Z"}
{"message":"Preferences loaded from /home/minhgiang/.config/pomotroid/user-preferences.json","level":"info","hostname":"minhgiang","timestamp":"2022-10-25T16:16:37.699Z"}
{"message":"app ready","level":"info","hostname":"minhgiang","timestamp":"2022-10-25T16:16:37.773Z"}
{"message":"Registering shortcut for call-timer-toggle: Control+F1","level":"info","hostname":"minhgiang","timestamp":"2022-10-25T16:16:37.859Z"}
{"message":"Registering shortcut for call-timer-reset: Control+F2","level":"info","hostname":"minhgiang","timestamp":"2022-10-25T16:16:37.860Z"}
{"message":"Registering shortcut for call-timer-skip: Control+F3","level":"info","hostname":"minhgiang","timestamp":"2022-10-25T16:16:37.861Z"}
{"message":"Preferences loaded from /home/minhgiang/.config/pomotroid/user-preferences.json","level":"info","hostname":"minhgiang","timestamp":"2022-10-25T16:16:38.325Z"}
